C:/Users/Tor/Desktop/Sublime Text Build 3143 x64/PROGRAMAS/script_folder/AppGetName/image/calabaza_81x100.png/
2018-10-07 06:22:15.969926: entre en el root
2018-10-07 06:22:16.038937: C:/Users/Tor/Desktop/Sublime Text Build 3143 x64/PROGRAMAS/script_folder/AppGetName/image/calabaza_81x100.png/
2018-10-07 06:55:54.517542: 

Entre en el GETStatus desde un : "" BEFORE ""
2018-10-07 07:00:07.255150: 

Entre en el GETStatus desde un : "" BEFORE ""
2018-10-07 07:00:12.269005:  Print antes del clear:  
2018-10-07 07:00:12.269005:  Print despues en el clear:  
2018-10-07 07:00:12.284612:  Print antes del clear:  
2018-10-07 07:00:12.284612:  Print despues en el clear:  
2018-10-07 07:00:12.300237: 

Entre en el GETStatus desde un : "" AFTER ""
2018-10-07 07:03:14.566451: 

Entre en el GETStatus desde un : "" BEFORE ""
2018-10-07 07:03:19.639610:  Print antes del clear:  
2018-10-07 07:03:19.639610:  Print despues en el clear:  
2018-10-07 07:03:19.655236:  Print antes del clear:  
2018-10-07 07:03:19.661749:  Print despues en el clear:  
2018-10-07 07:03:19.661749: 

Entre en el GETStatus desde un : "" AFTER ""
2018-10-07 07:04:35.808555: 

Entre en el GETStatus desde un : "" BEFORE ""
2018-10-07 07:04:40.822312:  Print antes del clear:  
2018-10-07 07:04:40.837933:  Print despues en el clear:  
2018-10-07 07:04:40.837933:  Print antes del clear:  
2018-10-07 07:04:40.853558:  Print despues en el clear:  
2018-10-07 07:04:40.853558: 

Entre en el GETStatus desde un : "" AFTER ""
2018-10-07 07:05:32.509549: 

Entre en el GETStatus desde un : "" BEFORE ""
2018-10-07 07:05:37.527035:  Print antes del clear:  
2018-10-07 07:05:37.527035:  Print despues en el clear:  
2018-10-07 07:05:37.542653:  Print antes del clear:  
2018-10-07 07:05:37.542653:  Print despues en el clear:  
2018-10-07 07:05:37.558278: 

Entre en el GETStatus desde un : "" AFTER ""
2018-10-07 07:06:26.471311: 

Entre en el GETStatus desde un : "" BEFORE ""
2018-10-07 07:06:31.474583:  Print antes del clear:  
2018-10-07 07:06:31.474583:  Print despues en el clear:  
2018-10-07 07:06:31.490203:  Print antes del clear:  
2018-10-07 07:06:31.490203:  Print despues en el clear:  
2018-10-07 07:06:31.559216: 

Entre en el GETStatus desde un : "" AFTER ""
2018-10-07 07:06:31.559216: 
El archivo <<  Lista _LObjAF  >> tiene "  0  " y son: 
 
2018-10-07 07:06:31.628240: 
El archivo <<  LUEGO DE APPEND _LObjAF  >> tiene "  1  " y son: 
 gustavo.png
2018-10-07 07:06:31.643866: 
El archivo <<  Lista _LObjAF  >> tiene "  1  " y son: 
 gustavo.png
2018-10-07 07:06:31.643866: 
El archivo <<  LUEGO DE APPEND _LObjAF  >> tiene "  2  " y son: 
 gustavo.png IMG_0815.JPG
2018-10-07 07:08:15.842528: 

Entre en el GETStatus desde un : "" BEFORE ""
2018-10-07 07:08:20.842882:  Print antes del clear:  
2018-10-07 07:08:20.842882:  Print despues en el clear:  
2018-10-07 07:08:20.858503:  Print antes del clear:  
2018-10-07 07:08:20.874129:  Print despues en el clear:  
2018-10-07 07:08:20.874129: 

Entre en el GETStatus desde un : "" AFTER ""
2018-10-07 07:08:20.880635: 
El archivo <<  Lista _LObjAF  >> tiene "  0  " y son: 
 
2018-10-07 07:08:20.880635: 
El archivo <<  LUEGO DE APPEND _LObjAF  >> tiene "  1  " y son: 
 gustavo.png
2018-10-07 07:08:20.880635: 
El archivo <<  Lista _LObjAF  >> tiene "  1  " y son: 
 gustavo.png
2018-10-07 07:08:20.896263: 
El archivo <<  LUEGO DE APPEND _LObjAF  >> tiene "  2  " y son: 
 gustavo.png IMG_0815.JPG
2018-10-07 07:10:19.469810: 

Entre en el GETStatus desde un : "" BEFORE ""
2018-10-07 07:10:24.492127:  Print antes del clear:  
2018-10-07 07:10:24.492127:  Print despues en el clear:  
2018-10-07 07:10:24.507736:  Print antes del clear:  
2018-10-07 07:10:24.523360:  Print despues en el clear:  
2018-10-07 07:10:24.523360: 

Entre en el GETStatus desde un : "" AFTER ""
2018-10-07 07:10:24.523360: 
El archivo <<  Lista _LObjAF  >> tiene "  0  " y son: 
 
2018-10-07 07:10:24.538984: 
El archivo <<  LUEGO DE APPEND _LObjAF  >> tiene "  1  " y son: 
 gustavo.png
2018-10-07 07:10:24.545490: 
El archivo <<  Lista _LObjAF  >> tiene "  1  " y son: 
 gustavo.png
2018-10-07 07:10:24.545490: 
El archivo <<  LUEGO DE APPEND _LObjAF  >> tiene "  2  " y son: 
 gustavo.png IMG_0815.JPG
2018-10-07 07:10:24.545490: 

no hay cambios en la carpeta
2018-10-07 07:13:01.531721: 

Entre en el GETStatus desde un : "" BEFORE ""
2018-10-07 07:13:31.513423: 

Entre en el GETStatus desde un : "" BEFORE ""
2018-10-07 07:13:52.597592: 

Entre en el GETStatus desde un : "" BEFORE ""
2018-10-07 07:13:57.609778: 

Entre en el GETStatus desde un : "" AFTER ""
2018-10-07 07:13:57.609778: 
El archivo <<  Lista _LObjAF  >> tiene "  0  " y son: 
 
2018-10-07 07:13:57.625391: 
El archivo <<  LUEGO DE APPEND _LObjAF  >> tiene "  1  " y son: 
 gustavo.png
2018-10-07 07:13:57.625391: 
El archivo <<  Lista _LObjAF  >> tiene "  1  " y son: 
 gustavo.png
2018-10-07 07:13:57.641010: 
El archivo <<  LUEGO DE APPEND _LObjAF  >> tiene "  2  " y son: 
 gustavo.png IMG_0815.JPG
2018-10-07 07:13:57.656639: 

no hay cambios en la carpeta
2018-10-07 07:14:02.657303: 

Entre en el GETStatus desde un : "" AFTER ""
2018-10-07 07:14:02.657303: 
El archivo <<  Lista _LObjAF  >> tiene "  0  " y son: 
 
2018-10-07 07:14:02.672925: 
El archivo <<  LUEGO DE APPEND _LObjAF  >> tiene "  1  " y son: 
 gustavo.png
2018-10-07 07:14:02.688548: 
El archivo <<  Lista _LObjAF  >> tiene "  1  " y son: 
 gustavo.png
2018-10-07 07:14:02.688548: 
El archivo <<  LUEGO DE APPEND _LObjAF  >> tiene "  2  " y son: 
 gustavo.png IMG_0815.JPG
2018-10-07 07:14:02.704177: 

no hay cambios en la carpeta
2018-10-07 07:14:07.711518: 

Entre en el GETStatus desde un : "" AFTER ""
2018-10-07 07:14:07.711518: 
El archivo <<  Lista _LObjAF  >> tiene "  0  " y son: 
 
2018-10-07 07:14:07.727131: 
El archivo <<  LUEGO DE APPEND _LObjAF  >> tiene "  1  " y son: 
 gustavo.png
2018-10-07 07:14:07.727131: 
El archivo <<  Lista _LObjAF  >> tiene "  1  " y son: 
 gustavo.png
2018-10-07 07:14:07.742752: 
El archivo <<  LUEGO DE APPEND _LObjAF  >> tiene "  2  " y son: 
 gustavo.png IMG_0815.JPG
2018-10-07 07:14:07.749261: 

no hay cambios en la carpeta
2018-10-07 07:14:12.751197: 

Entre en el GETStatus desde un : "" AFTER ""
2018-10-07 07:14:12.751197: 
El archivo <<  Lista _LObjAF  >> tiene "  0  " y son: 
 
2018-10-07 07:14:12.766815: 
El archivo <<  LUEGO DE APPEND _LObjAF  >> tiene "  1  " y son: 
 gustavo.png
2018-10-07 07:14:12.773328: 
El archivo <<  Lista _LObjAF  >> tiene "  1  " y son: 
 gustavo.png
2018-10-07 07:14:12.773328: 
El archivo <<  LUEGO DE APPEND _LObjAF  >> tiene "  2  " y son: 
 gustavo.png IMG_0815.JPG
2018-10-07 07:14:12.773328: 

no hay cambios en la carpeta
2018-10-07 07:14:17.791816: 

Entre en el GETStatus desde un : "" AFTER ""
2018-10-07 07:14:17.798322: 
El archivo <<  Lista _LObjAF  >> tiene "  0  " y son: 
 
2018-10-07 07:14:17.798322: 
El archivo <<  LUEGO DE APPEND _LObjAF  >> tiene "  1  " y son: 
 gustavo.png
2018-10-07 07:14:17.813954: 
El archivo <<  Lista _LObjAF  >> tiene "  1  " y son: 
 gustavo.png
2018-10-07 07:14:17.813954: 
El archivo <<  LUEGO DE APPEND _LObjAF  >> tiene "  2  " y son: 
 gustavo.png IMG_0815.JPG
2018-10-07 07:14:17.813954: 

no hay cambios en la carpeta
2018-10-07 07:14:22.830542: 

Entre en el GETStatus desde un : "" AFTER ""
2018-10-07 07:14:22.837049: 
El archivo <<  Lista _LObjAF  >> tiene "  0  " y son: 
 
2018-10-07 07:14:22.837049: 
El archivo <<  LUEGO DE APPEND _LObjAF  >> tiene "  1  " y son: 
 gustavo.png
2018-10-07 07:14:22.852683: 
El archivo <<  Lista _LObjAF  >> tiene "  1  " y son: 
 gustavo.png
2018-10-07 07:14:22.852683: 
El archivo <<  LUEGO DE APPEND _LObjAF  >> tiene "  2  " y son: 
 gustavo.png IMG_0815.JPG
2018-10-07 07:14:22.852683: 

no hay cambios en la carpeta
2018-10-07 07:14:27.874186: 

Entre en el GETStatus desde un : "" AFTER ""
2018-10-07 07:14:27.874186: 
El archivo <<  Lista _LObjAF  >> tiene "  0  " y son: 
 
2018-10-07 07:14:27.889807: 
El archivo <<  LUEGO DE APPEND _LObjAF  >> tiene "  1  " y son: 
 gustavo.png
2018-10-07 07:14:27.889807: 
El archivo <<  Lista _LObjAF  >> tiene "  1  " y son: 
 gustavo.png
2018-10-07 07:14:27.905431: 
El archivo <<  LUEGO DE APPEND _LObjAF  >> tiene "  2  " y son: 
 gustavo.png IMG_0815.JPG
2018-10-07 07:14:27.911938: 

no hay cambios en la carpeta
2018-10-07 07:14:32.924948: 

Entre en el GETStatus desde un : "" AFTER ""
2018-10-07 07:14:32.931454: 
El archivo <<  Lista _LObjAF  >> tiene "  0  " y son: 
 
2018-10-07 07:14:32.931454: 
El archivo <<  LUEGO DE APPEND _LObjAF  >> tiene "  1  " y son: 
 gustavo.png
2018-10-07 07:14:32.931454: 
El archivo <<  Lista _LObjAF  >> tiene "  1  " y son: 
 gustavo.png
2018-10-07 07:14:32.947084: 
El archivo <<  LUEGO DE APPEND _LObjAF  >> tiene "  2  " y son: 
 gustavo.png IMG_0815.JPG
2018-10-07 07:14:32.947084: 

no hay cambios en la carpeta
2018-10-07 07:14:37.995921: 

Entre en el GETStatus desde un : "" AFTER ""
2018-10-07 07:14:37.995921: 
El archivo <<  Lista _LObjAF  >> tiene "  0  " y son: 
 
2018-10-07 07:14:37.995921: 
El archivo <<  LUEGO DE APPEND _LObjAF  >> tiene "  1  " y son: 
 gustavo.png
2018-10-07 07:14:37.995921: 
El archivo <<  Lista _LObjAF  >> tiene "  1  " y son: 
 gustavo.png
2018-10-07 07:14:38.011545: 
El archivo <<  LUEGO DE APPEND _LObjAF  >> tiene "  2  " y son: 
 gustavo.png IMG_0815.JPG
2018-10-07 07:14:38.011545: 

no hay cambios en la carpeta
2018-10-07 07:14:43.034638: 

Entre en el GETStatus desde un : "" AFTER ""
2018-10-07 07:14:43.034638: 
El archivo <<  Lista _LObjAF  >> tiene "  0  " y son: 
 
2018-10-07 07:14:43.056769: 
El archivo <<  LUEGO DE APPEND _LObjAF  >> tiene "  1  " y son: 
 gustavo.png
2018-10-07 07:14:43.056769: 
El archivo <<  Lista _LObjAF  >> tiene "  1  " y son: 
 gustavo.png
2018-10-07 07:14:43.056769: 
El archivo <<  LUEGO DE APPEND _LObjAF  >> tiene "  2  " y son: 
 gustavo.png IMG_0815.JPG
2018-10-07 07:14:43.072399: 

no hay cambios en la carpeta
2018-10-07 07:14:48.091353: 

Entre en el GETStatus desde un : "" AFTER ""
2018-10-07 07:14:48.091353: 
El archivo <<  Lista _LObjAF  >> tiene "  0  " y son: 
 
2018-10-07 07:14:48.091353: 
El archivo <<  LUEGO DE APPEND _LObjAF  >> tiene "  1  " y son: 
 gustavo.png
2018-10-07 07:14:48.106976: 
El archivo <<  Lista _LObjAF  >> tiene "  1  " y son: 
 gustavo.png
2018-10-07 07:14:48.106976: 
El archivo <<  LUEGO DE APPEND _LObjAF  >> tiene "  2  " y son: 
 gustavo.png IMG_0815.JPG
2018-10-07 07:14:48.106976: 

no hay cambios en la carpeta
2018-10-07 07:14:53.116537: 

Entre en el GETStatus desde un : "" AFTER ""
2018-10-07 07:14:53.123043: 
El archivo <<  Lista _LObjAF  >> tiene "  0  " y son: 
 
2018-10-07 07:14:53.123043: 
El archivo <<  LUEGO DE APPEND _LObjAF  >> tiene "  1  " y son: 
 gustavo.png
2018-10-07 07:14:53.138677: 
El archivo <<  Lista _LObjAF  >> tiene "  1  " y son: 
 gustavo.png
2018-10-07 07:14:53.138677: 
El archivo <<  LUEGO DE APPEND _LObjAF  >> tiene "  2  " y son: 
 gustavo.png IMG_0815.JPG
2018-10-07 07:14:53.154303: 

no hay cambios en la carpeta
2018-10-07 07:14:58.190194: 

Entre en el GETStatus desde un : "" AFTER ""
2018-10-07 07:14:58.190194: 
El archivo <<  Lista _LObjAF  >> tiene "  0  " y son: 
 
2018-10-07 07:14:58.205818: 
El archivo <<  LUEGO DE APPEND _LObjAF  >> tiene "  1  " y son: 
 gustavo.png
2018-10-07 07:14:58.205818: 
El archivo <<  Lista _LObjAF  >> tiene "  1  " y son: 
 gustavo.png
2018-10-07 07:14:58.205818: 
El archivo <<  LUEGO DE APPEND _LObjAF  >> tiene "  2  " y son: 
 gustavo.png IMG_0815.JPG
2018-10-07 07:14:58.221442: 

no hay cambios en la carpeta
2018-10-07 07:15:03.236991: 

Entre en el GETStatus desde un : "" AFTER ""
2018-10-07 07:15:03.236991: 
El archivo <<  Lista _LObjAF  >> tiene "  0  " y son: 
 
2018-10-07 07:15:03.259122: 
El archivo <<  LUEGO DE APPEND _LObjAF  >> tiene "  1  " y son: 
 gustavo.png
2018-10-07 07:15:03.259122: 
El archivo <<  Lista _LObjAF  >> tiene "  1  " y son: 
 gustavo.png
2018-10-07 07:15:03.274753: 
El archivo <<  LUEGO DE APPEND _LObjAF  >> tiene "  2  " y son: 
 gustavo.png IMG_0815.JPG
2018-10-07 07:15:03.274753: 
El archivo <<  Lista _LObjAF  >> tiene "  2  " y son: 
 gustavo.png IMG_0815.JPG
2018-10-07 07:15:03.274753: 
El archivo <<  LUEGO DE APPEND _LObjAF  >> tiene "  3  " y son: 
 gustavo.png IMG_0815.JPG istavo.jpg
2018-10-07 07:15:03.290376: 
El archivo <<  Lista _LObjAF  >> tiene "  3  " y son: 
 gustavo.png IMG_0815.JPG istavo.jpg
2018-10-07 07:15:03.290376: 
El archivo <<  LUEGO DE APPEND _LObjAF  >> tiene "  4  " y son: 
 gustavo.png IMG_0815.JPG istavo.jpg prueba.bmp
2018-10-07 07:15:03.290376: 
*******  SE HA DETECTADO UN CAMBIO LA CARPETA... ACTUALIZANDO!!!    *********
2018-10-07 07:15:03.306002: 
<<<<<  ACTUALIZADO  >>>>>

2018-10-07 07:15:03.306002: entre en cmbio de nombre
2018-10-07 07:15:03.306002: gustavo.png
2018-10-07 07:15:03.321626: entre en el if de gui
2018-10-07 07:15:03.321626: C:/Users/Tor/Desktop/Sublime Text Build 3143 x64/PROGRAMAS/script_folder/AppGetName
2018-10-07 07:15:03.321626: C:\Users\Tor\Desktop\Sublime Text Build 3143 x64\PROGRAMAS\script_folder\AppGetName
2018-10-07 07:15:03.321626: "python RootForm.pyw"
2018-10-07 07:15:03.522150: se ejecuto el comando 
2018-10-07 07:15:03.522150: IMG_0815.JPG
2018-10-07 07:15:03.537776: entre en el if de gui
2018-10-07 07:15:03.537776: C:/Users/Tor/Desktop/Sublime Text Build 3143 x64/PROGRAMAS/script_folder/AppGetName
2018-10-07 07:15:03.537776: C:\Users\Tor\Desktop\Sublime Text Build 3143 x64\PROGRAMAS\script_folder\AppGetName
2018-10-07 07:15:03.553401: "python RootForm.pyw"
2018-10-07 07:15:03.638037: se ejecuto el comando 
2018-10-07 07:15:03.638037: istavo.jpg
2018-10-07 07:15:03.653661: entre en el if de gui
2018-10-07 07:15:03.653661: C:/Users/Tor/Desktop/Sublime Text Build 3143 x64/PROGRAMAS/script_folder/AppGetName
2018-10-07 07:15:03.660168: C:\Users\Tor\Desktop\Sublime Text Build 3143 x64\PROGRAMAS\script_folder\AppGetName
2018-10-07 07:15:03.660168: "python RootForm.pyw"
2018-10-07 07:15:03.776063: se ejecuto el comando 
